build/app/intermediates/manifest_merge_blame_file/release/manifest-merger-blame-release-report.txt
1<?xml version="1.0" encoding="utf-8"?>
2<manifest xmlns:android="http://schemas.android.com/apk/res/android"
3    package="com.littlemakers"
4    android:versionCode="2"
5    android:versionName="1.1" >
6
7    <uses-sdk
8        android:minSdkVersion="21"
8-->src/main/AndroidManifest.xml
9        android:targetSdkVersion="30" />
9-->src/main/AndroidManifest.xml
10    <!--
11         io.flutter.app.FlutterApplication is an android.app.Application that
12         calls FlutterMain.startInitialization(this); in its onCreate method.
13         In most cases you can leave this as-is, but you if you want to provide
14         additional functionality it is fine to subclass or reimplement
15         FlutterApplication and put your custom class here.
16    -->
17    <uses-permission android:name="android.permission.VIBRATE" />
17-->src/main/AndroidManifest.xml:8:5-66
17-->src/main/AndroidManifest.xml:8:22-63
18    <uses-permission android:name="android.permission.RECEIVE_BOOT_COMPLETED" />
18-->src/main/AndroidManifest.xml:9:5-80
18-->src/main/AndroidManifest.xml:9:22-78
19    <uses-permission android:name="android.permission.INTERNET" />
19-->src/main/AndroidManifest.xml:10:5-66
19-->src/main/AndroidManifest.xml:10:22-64
20    <uses-permission android:name="android.permission.ACCESS_COARSE_LOCATION" />
20-->[:location] AndroidManifest.xml:7:5-81
20-->[:location] AndroidManifest.xml:7:22-78
21    <uses-permission android:name="android.permission.ACCESS_FINE_LOCATION" />
21-->[:location] AndroidManifest.xml:8:5-79
21-->[:location] AndroidManifest.xml:8:22-76
22    <uses-permission android:name="android.permission.READ_EXTERNAL_STORAGE" />
22-->[:image_picker] AndroidManifest.xml:7:5-80
22-->[:image_picker] AndroidManifest.xml:7:22-77
23    <uses-permission android:name="android.permission.WRITE_EXTERNAL_STORAGE" />
23-->[:image_picker] AndroidManifest.xml:8:5-81
23-->[:image_picker] AndroidManifest.xml:8:22-78
24    <uses-permission android:name="android.permission.ACCESS_NETWORK_STATE" />
24-->[com.google.firebase:firebase-iid:20.0.1] AndroidManifest.xml:22:5-79
24-->[com.google.firebase:firebase-iid:20.0.1] AndroidManifest.xml:22:22-76
25    <uses-permission android:name="android.permission.WAKE_LOCK" /> <!-- Required by older versions of Google Play services to create IID tokens -->
25-->[com.google.firebase:firebase-iid:20.0.1] AndroidManifest.xml:24:5-68
25-->[com.google.firebase:firebase-iid:20.0.1] AndroidManifest.xml:24:22-65
26    <uses-permission android:name="com.google.android.c2dm.permission.RECEIVE" />
26-->[com.google.firebase:firebase-iid:20.0.1] AndroidManifest.xml:26:5-82
26-->[com.google.firebase:firebase-iid:20.0.1] AndroidManifest.xml:26:22-79
27
28    <application
28-->src/main/AndroidManifest.xml:11:5-41:19
29        android:name="io.flutter.app.FlutterApplication"
29-->src/main/AndroidManifest.xml:12:9-57
30        android:allowBackup="false"
30-->src/main/AndroidManifest.xml:15:9-36
31        android:appComponentFactory="androidx.core.app.CoreComponentFactory"
31-->[androidx.core:core:1.2.0] AndroidManifest.xml:24:18-86
32        android:icon="@mipmap/ic_launcher"
32-->src/main/AndroidManifest.xml:14:9-43
33        android:label="Little Makers App" >
33-->src/main/AndroidManifest.xml:13:9-42
34        <activity
34-->src/main/AndroidManifest.xml:16:9-31:20
35            android:name="com.littlemakers.MainActivity"
35-->src/main/AndroidManifest.xml:17:13-41
36            android:configChanges="orientation|keyboardHidden|keyboard|screenSize|smallestScreenSize|locale|layoutDirection|fontScale|screenLayout|density|uiMode"
36-->src/main/AndroidManifest.xml:20:13-163
37            android:hardwareAccelerated="true"
37-->src/main/AndroidManifest.xml:21:13-47
38            android:launchMode="singleTop"
38-->src/main/AndroidManifest.xml:18:13-43
39            android:theme="@style/LaunchTheme"
39-->src/main/AndroidManifest.xml:19:13-47
40            android:windowSoftInputMode="adjustResize" >
40-->src/main/AndroidManifest.xml:22:13-55
41            <intent-filter>
41-->src/main/AndroidManifest.xml:23:13-26:29
42                <action android:name="android.intent.action.MAIN" />
42-->src/main/AndroidManifest.xml:24:17-68
42-->src/main/AndroidManifest.xml:24:25-66
43
44                <category android:name="android.intent.category.LAUNCHER" />
44-->src/main/AndroidManifest.xml:25:17-76
44-->src/main/AndroidManifest.xml:25:27-74
45            </intent-filter>
46            <intent-filter>
46-->src/main/AndroidManifest.xml:27:13-30:29
47                <action android:name="FLUTTER_NOTIFICATION_CLICK" />
47-->src/main/AndroidManifest.xml:28:17-69
47-->src/main/AndroidManifest.xml:28:25-66
48
49                <category android:name="android.intent.category.DEFAULT" />
49-->src/main/AndroidManifest.xml:29:17-76
49-->src/main/AndroidManifest.xml:29:27-73
50            </intent-filter>
51        </activity>
52        <!--
53             Don't delete the meta-data below.
54             This is used by the Flutter tool to generate GeneratedPluginRegistrant.java
55        -->
56        <meta-data
56-->src/main/AndroidManifest.xml:34:9-36:33
57            android:name="flutterEmbedding"
57-->src/main/AndroidManifest.xml:35:13-44
58            android:value="2" />
58-->src/main/AndroidManifest.xml:36:13-30
59
60        <activity
60-->src/main/AndroidManifest.xml:37:9-40:71
61            android:name="com.yalantis.ucrop.UCropActivity"
61-->src/main/AndroidManifest.xml:38:13-60
62            android:screenOrientation="portrait"
62-->src/main/AndroidManifest.xml:39:13-49
63            android:theme="@style/Theme.AppCompat.Light.NoActionBar" />
63-->src/main/AndroidManifest.xml:40:13-69
64        <activity
64-->[:razorpay_flutter] AndroidManifest.xml:8:9-11:20
65            android:name="com.razorpay.CheckoutActivity"
65-->[:razorpay_flutter] AndroidManifest.xml:9:13-57
66            android:configChanges="keyboard|keyboardHidden|orientation|screenSize"
66-->[com.razorpay:checkout:1.5.4] AndroidManifest.xml:20:13-83
67            android:label="Razorpay Checkout"
67-->[:razorpay_flutter] AndroidManifest.xml:10:13-46
68            android:theme="@style/CheckoutTheme" >
68-->[com.razorpay:checkout:1.5.4] AndroidManifest.xml:21:13-49
69            <intent-filter>
69-->[com.razorpay:checkout:1.5.4] AndroidManifest.xml:22:13-28:29
70                <action android:name="android.intent.action.MAIN" />
70-->src/main/AndroidManifest.xml:24:17-68
70-->src/main/AndroidManifest.xml:24:25-66
71
72                <data
72-->[com.razorpay:checkout:1.5.4] AndroidManifest.xml:25:17-27:47
73                    android:host="rzp.io"
73-->[com.razorpay:checkout:1.5.4] AndroidManifest.xml:26:21-42
74                    android:scheme="io.rzp" />
74-->[com.razorpay:checkout:1.5.4] AndroidManifest.xml:27:21-44
75            </intent-filter>
76        </activity>
77
78        <provider
78-->[:image_picker] AndroidManifest.xml:11:9-19:20
79            android:name="io.flutter.plugins.imagepicker.ImagePickerFileProvider"
79-->[:image_picker] AndroidManifest.xml:12:13-82
80            android:authorities="com.littlemakers.flutter.image_provider"
80-->[:image_picker] AndroidManifest.xml:13:13-74
81            android:exported="false"
81-->[:image_picker] AndroidManifest.xml:14:13-37
82            android:grantUriPermissions="true" >
82-->[:image_picker] AndroidManifest.xml:15:13-47
83            <meta-data
83-->[:image_picker] AndroidManifest.xml:16:13-18:75
84                android:name="android.support.FILE_PROVIDER_PATHS"
84-->[:image_picker] AndroidManifest.xml:17:17-67
85                android:resource="@xml/flutter_image_picker_file_paths" />
85-->[:image_picker] AndroidManifest.xml:18:17-72
86        </provider>
87
88        <activity
88-->[:flutter_inappwebview] AndroidManifest.xml:8:9-11:47
89            android:name="com.pichillilorenzo.flutter_inappwebview.InAppBrowser.InAppBrowserActivity"
89-->[:flutter_inappwebview] AndroidManifest.xml:9:13-102
90            android:configChanges="orientation|screenSize"
90-->[:flutter_inappwebview] AndroidManifest.xml:10:13-59
91            android:theme="@style/AppTheme" />
91-->[:flutter_inappwebview] AndroidManifest.xml:11:13-44
92        <activity
92-->[:flutter_inappwebview] AndroidManifest.xml:12:9-15:55
93            android:name="com.pichillilorenzo.flutter_inappwebview.ChromeCustomTabs.ChromeCustomTabsActivity"
93-->[:flutter_inappwebview] AndroidManifest.xml:13:13-110
94            android:configChanges="orientation|screenSize"
94-->[:flutter_inappwebview] AndroidManifest.xml:14:13-59
95            android:theme="@style/ThemeTransparent" />
95-->[:flutter_inappwebview] AndroidManifest.xml:15:13-52
96
97        <receiver android:name="com.pichillilorenzo.flutter_inappwebview.ChromeCustomTabs.ActionBroadcastReceiver" />
97-->[:flutter_inappwebview] AndroidManifest.xml:17:9-118
97-->[:flutter_inappwebview] AndroidManifest.xml:17:19-115
98
99        <service android:name="io.flutter.plugins.firebasemessaging.FlutterFirebaseMessagingService" >
99-->[:firebase_messaging] AndroidManifest.xml:8:9-12:19
99-->[:firebase_messaging] AndroidManifest.xml:8:18-101
100            <intent-filter>
100-->[:firebase_messaging] AndroidManifest.xml:9:13-11:29
101                <action android:name="com.google.firebase.MESSAGING_EVENT" />
101-->[:firebase_messaging] AndroidManifest.xml:10:17-78
101-->[:firebase_messaging] AndroidManifest.xml:10:25-75
102            </intent-filter>
103        </service>
104        <service
104-->[:firebase_messaging] AndroidManifest.xml:13:9-17:19
105            android:name="com.google.firebase.components.ComponentDiscoveryService"
105-->[:firebase_messaging] AndroidManifest.xml:13:18-89
106            android:directBootAware="true"
106-->[com.google.firebase:firebase-common:19.2.0] AndroidManifest.xml:15:13-43
107            android:exported="false" >
107-->[com.google.firebase:firebase-iid:20.0.1] AndroidManifest.xml:31:13-37
108            <meta-data
108-->[:firebase_messaging] AndroidManifest.xml:14:13-16:85
109                android:name="com.google.firebase.components:io.flutter.plugins.firebasemessaging.FlutterFirebaseAppRegistrar"
109-->[:firebase_messaging] AndroidManifest.xml:15:17-127
110                android:value="com.google.firebase.components.ComponentRegistrar" />
110-->[:firebase_messaging] AndroidManifest.xml:16:17-82
111            <meta-data
111-->[com.google.firebase:firebase-iid:20.0.1] AndroidManifest.xml:32:13-34:85
112                android:name="com.google.firebase.components:com.google.firebase.iid.Registrar"
112-->[com.google.firebase:firebase-iid:20.0.1] AndroidManifest.xml:33:17-96
113                android:value="com.google.firebase.components.ComponentRegistrar" />
113-->[com.google.firebase:firebase-iid:20.0.1] AndroidManifest.xml:34:17-82
114        </service>
115
116        <activity
116-->[:flutter_youtube] AndroidManifest.xml:9:9-12:20
117            android:name="io.github.ponnamkarthik.flutteryoutube.PlayerActivity"
117-->[:flutter_youtube] AndroidManifest.xml:10:13-81
118            android:configChanges="orientation|screenSize|keyboardHidden|navigation" >
118-->[:flutter_youtube] AndroidManifest.xml:11:13-85
119        </activity>
120        <activity
120-->[:url_launcher] AndroidManifest.xml:8:9-11:74
121            android:name="io.flutter.plugins.urllauncher.WebViewActivity"
121-->[:url_launcher] AndroidManifest.xml:9:13-74
122            android:exported="false"
122-->[:url_launcher] AndroidManifest.xml:10:13-37
123            android:theme="@android:style/Theme.NoTitleBar.Fullscreen" />
123-->[:url_launcher] AndroidManifest.xml:11:13-71
124
125        <receiver android:name="com.razorpay.RzpTokenReceiver" >
125-->[com.razorpay:checkout:1.5.4] AndroidManifest.xml:12:9-16:20
125-->[com.razorpay:checkout:1.5.4] AndroidManifest.xml:12:19-63
126            <intent-filter>
126-->[com.razorpay:checkout:1.5.4] AndroidManifest.xml:13:13-15:29
127                <action android:name="rzp.device_token.share" />
127-->[com.razorpay:checkout:1.5.4] AndroidManifest.xml:14:17-65
127-->[com.razorpay:checkout:1.5.4] AndroidManifest.xml:14:25-62
128            </intent-filter>
129        </receiver>
130        <!--
131             FirebaseMessagingService performs security checks at runtime,
132             but set to not exported to explicitly avoid allowing another app to call it.
133        -->
134        <service
134-->[com.google.firebase:firebase-messaging:20.0.1] AndroidManifest.xml:28:9-34:19
135            android:name="com.google.firebase.messaging.FirebaseMessagingService"
135-->[com.google.firebase:firebase-messaging:20.0.1] AndroidManifest.xml:29:13-82
136            android:exported="false" >
136-->[com.google.firebase:firebase-messaging:20.0.1] AndroidManifest.xml:30:13-37
137            <intent-filter android:priority="-500" >
137-->[:firebase_messaging] AndroidManifest.xml:9:13-11:29
138                <action android:name="com.google.firebase.MESSAGING_EVENT" />
138-->[:firebase_messaging] AndroidManifest.xml:10:17-78
138-->[:firebase_messaging] AndroidManifest.xml:10:25-75
139            </intent-filter>
140        </service>
141
142        <activity
142-->[com.google.android.gms:play-services-auth:17.0.0] AndroidManifest.xml:23:9-27:75
143            android:name="com.google.android.gms.auth.api.signin.internal.SignInHubActivity"
143-->[com.google.android.gms:play-services-auth:17.0.0] AndroidManifest.xml:24:13-93
144            android:excludeFromRecents="true"
144-->[com.google.android.gms:play-services-auth:17.0.0] AndroidManifest.xml:25:13-46
145            android:exported="false"
145-->[com.google.android.gms:play-services-auth:17.0.0] AndroidManifest.xml:26:13-37
146            android:theme="@android:style/Theme.Translucent.NoTitleBar" />
146-->[com.google.android.gms:play-services-auth:17.0.0] AndroidManifest.xml:27:13-72
147        <!--
148            Service handling Google Sign-In user revocation. For apps that do not integrate with
149            Google Sign-In, this service will never be started.
150        -->
151        <service
151-->[com.google.android.gms:play-services-auth:17.0.0] AndroidManifest.xml:33:9-36:110
152            android:name="com.google.android.gms.auth.api.signin.RevocationBoundService"
152-->[com.google.android.gms:play-services-auth:17.0.0] AndroidManifest.xml:34:13-89
153            android:exported="true"
153-->[com.google.android.gms:play-services-auth:17.0.0] AndroidManifest.xml:35:13-36
154            android:permission="com.google.android.gms.auth.api.signin.permission.REVOCATION_NOTIFICATION" />
154-->[com.google.android.gms:play-services-auth:17.0.0] AndroidManifest.xml:36:13-107
155
156        <receiver
156-->[com.google.firebase:firebase-iid:20.0.1] AndroidManifest.xml:37:9-44:20
157            android:name="com.google.firebase.iid.FirebaseInstanceIdReceiver"
157-->[com.google.firebase:firebase-iid:20.0.1] AndroidManifest.xml:38:13-78
158            android:exported="true"
158-->[com.google.firebase:firebase-iid:20.0.1] AndroidManifest.xml:39:13-36
159            android:permission="com.google.android.c2dm.permission.SEND" >
159-->[com.google.firebase:firebase-iid:20.0.1] AndroidManifest.xml:40:13-73
160            <intent-filter>
160-->[com.google.firebase:firebase-iid:20.0.1] AndroidManifest.xml:41:13-43:29
161                <action android:name="com.google.android.c2dm.intent.RECEIVE" />
161-->[com.google.firebase:firebase-iid:20.0.1] AndroidManifest.xml:42:17-81
161-->[com.google.firebase:firebase-iid:20.0.1] AndroidManifest.xml:42:25-78
162            </intent-filter>
163        </receiver>
164
165        <provider
165-->[com.google.firebase:firebase-common:19.2.0] AndroidManifest.xml:19:9-23:39
166            android:name="com.google.firebase.provider.FirebaseInitProvider"
166-->[com.google.firebase:firebase-common:19.2.0] AndroidManifest.xml:20:13-77
167            android:authorities="com.littlemakers.firebaseinitprovider"
167-->[com.google.firebase:firebase-common:19.2.0] AndroidManifest.xml:21:13-72
168            android:exported="false"
168-->[com.google.firebase:firebase-common:19.2.0] AndroidManifest.xml:22:13-37
169            android:initOrder="100" />
169-->[com.google.firebase:firebase-common:19.2.0] AndroidManifest.xml:23:13-36
170
171        <activity
171-->[com.google.android.gms:play-services-base:17.0.0] AndroidManifest.xml:23:9-26:75
172            android:name="com.google.android.gms.common.api.GoogleApiActivity"
172-->[com.google.android.gms:play-services-base:17.0.0] AndroidManifest.xml:24:13-79
173            android:exported="false"
173-->[com.google.android.gms:play-services-base:17.0.0] AndroidManifest.xml:25:13-37
174            android:theme="@android:style/Theme.Translucent.NoTitleBar" />
174-->[com.google.android.gms:play-services-base:17.0.0] AndroidManifest.xml:26:13-72
175
176        <meta-data
176-->[com.google.android.gms:play-services-basement:17.0.0] AndroidManifest.xml:23:9-25:69
177            android:name="com.google.android.gms.version"
177-->[com.google.android.gms:play-services-basement:17.0.0] AndroidManifest.xml:24:13-58
178            android:value="@integer/google_play_services_version" />
178-->[com.google.android.gms:play-services-basement:17.0.0] AndroidManifest.xml:25:13-66
179    </application>
180
181</manifest>